2021-09-17 14:37:09 [scrapy.utils.log] INFO: Scrapy 2.5.0 started (bot: scrapy_log_043)
2021-09-17 14:37:09 [scrapy.utils.log] INFO: Versions: lxml 4.6.1.0, libxml2 2.9.5, cssselect 1.1.0, parsel 1.6.0, w3lib 1.22.0, Twisted 21.7.0, Python 3.9.0 (tags/v3.9.0:9cf6752, Oct  5 2020, 15:34:40) [MSC v.1927 64 bit (AMD64)], pyOpenSSL 20.0.1 (OpenSSL 1.1.1l  24 Aug 2021), cryptography 3.4.8, Platform Windows-10-10.0.19041-SP0
2021-09-17 14:37:09 [scrapy.utils.log] DEBUG: Using reactor: twisted.internet.selectreactor.SelectReactor
2021-09-17 14:37:09 [scrapy.crawler] INFO: Overridden settings:
{'BOT_NAME': 'scrapy_log_043',
 'LOG_FILE': 'logdemo.log',
 'NEWSPIDER_MODULE': 'scrapy_log_043.spiders',
 'SPIDER_MODULES': ['scrapy_log_043.spiders']}
2021-09-17 14:37:09 [scrapy.extensions.telnet] INFO: Telnet Password: 10f77e9b80c248f7
2021-09-17 14:37:09 [scrapy.middleware] INFO: Enabled extensions:
['scrapy.extensions.corestats.CoreStats',
 'scrapy.extensions.telnet.TelnetConsole',
 'scrapy.extensions.logstats.LogStats']
2021-09-17 14:37:10 [scrapy.middleware] INFO: Enabled downloader middlewares:
['scrapy.downloadermiddlewares.httpauth.HttpAuthMiddleware',
 'scrapy.downloadermiddlewares.downloadtimeout.DownloadTimeoutMiddleware',
 'scrapy.downloadermiddlewares.defaultheaders.DefaultHeadersMiddleware',
 'scrapy.downloadermiddlewares.useragent.UserAgentMiddleware',
 'scrapy.downloadermiddlewares.retry.RetryMiddleware',
 'scrapy.downloadermiddlewares.redirect.MetaRefreshMiddleware',
 'scrapy.downloadermiddlewares.httpcompression.HttpCompressionMiddleware',
 'scrapy.downloadermiddlewares.redirect.RedirectMiddleware',
 'scrapy.downloadermiddlewares.cookies.CookiesMiddleware',
 'scrapy.downloadermiddlewares.httpproxy.HttpProxyMiddleware',
 'scrapy.downloadermiddlewares.stats.DownloaderStats']
2021-09-17 14:37:10 [scrapy.middleware] INFO: Enabled spider middlewares:
['scrapy.spidermiddlewares.httperror.HttpErrorMiddleware',
 'scrapy.spidermiddlewares.offsite.OffsiteMiddleware',
 'scrapy.spidermiddlewares.referer.RefererMiddleware',
 'scrapy.spidermiddlewares.urllength.UrlLengthMiddleware',
 'scrapy.spidermiddlewares.depth.DepthMiddleware']
2021-09-17 14:37:10 [scrapy.middleware] INFO: Enabled item pipelines:
[]
2021-09-17 14:37:10 [scrapy.core.engine] INFO: Spider opened
2021-09-17 14:37:10 [scrapy.extensions.logstats] INFO: Crawled 0 pages (at 0 pages/min), scraped 0 items (at 0 items/min)
2021-09-17 14:37:10 [scrapy.extensions.telnet] INFO: Telnet console listening on 127.0.0.1:6023
2021-09-17 14:37:10 [scrapy.downloadermiddlewares.redirect] DEBUG: Redirecting (301) to <GET http://www.haoqq.com/> from <GET http://www.bidu.com/>
2021-09-17 14:37:10 [scrapy.core.engine] DEBUG: Crawled (200) <GET http://www.haoqq.com/> (referer: None)
2021-09-17 14:37:10 [scrapy.core.engine] INFO: Closing spider (finished)
2021-09-17 14:37:10 [scrapy.statscollectors] INFO: Dumping Scrapy stats:
{'downloader/request_bytes': 425,
 'downloader/request_count': 2,
 'downloader/request_method_count/GET': 2,
 'downloader/response_bytes': 32673,
 'downloader/response_count': 2,
 'downloader/response_status_count/200': 1,
 'downloader/response_status_count/301': 1,
 'elapsed_time_seconds': 0.484505,
 'finish_reason': 'finished',
 'finish_time': datetime.datetime(2021, 9, 17, 6, 37, 10, 575345),
 'httpcompression/response_bytes': 333046,
 'httpcompression/response_count': 1,
 'log_count/DEBUG': 2,
 'log_count/INFO': 10,
 'response_received_count': 1,
 'scheduler/dequeued': 2,
 'scheduler/dequeued/memory': 2,
 'scheduler/enqueued': 2,
 'scheduler/enqueued/memory': 2,
 'start_time': datetime.datetime(2021, 9, 17, 6, 37, 10, 90840)}
2021-09-17 14:37:10 [scrapy.core.engine] INFO: Spider closed (finished)
