2021-09-17 14:53:29 [scrapy.utils.log] INFO: Scrapy 2.5.0 started (bot: scrapy_post_044)
2021-09-17 14:53:29 [scrapy.utils.log] INFO: Versions: lxml 4.6.1.0, libxml2 2.9.5, cssselect 1.1.0, parsel 1.6.0, w3lib 1.22.0, Twisted 21.7.0, Python 3.9.0 (tags/v3.9.0:9cf6752, Oct  5 2020, 15:34:40) [MSC v.1927 64 bit (AMD64)], pyOpenSSL 20.0.1 (OpenSSL 1.1.1l  24 Aug 2021), cryptography 3.4.8, Platform Windows-10-10.0.19041-SP0
2021-09-17 14:53:29 [scrapy.utils.log] DEBUG: Using reactor: twisted.internet.selectreactor.SelectReactor
2021-09-17 14:53:29 [scrapy.crawler] INFO: Overridden settings:
{'BOT_NAME': 'scrapy_post_044',
 'LOG_FILE': 'logdemo.log',
 'NEWSPIDER_MODULE': 'scrapy_post_044.spiders',
 'ROBOTSTXT_OBEY': True,
 'SPIDER_MODULES': ['scrapy_post_044.spiders']}
2021-09-17 14:53:29 [scrapy.extensions.telnet] INFO: Telnet Password: 9e9535c9579f77d4
2021-09-17 14:53:29 [scrapy.middleware] INFO: Enabled extensions:
['scrapy.extensions.corestats.CoreStats',
 'scrapy.extensions.telnet.TelnetConsole',
 'scrapy.extensions.logstats.LogStats']
2021-09-17 14:53:29 [scrapy.middleware] INFO: Enabled downloader middlewares:
['scrapy.downloadermiddlewares.robotstxt.RobotsTxtMiddleware',
 'scrapy.downloadermiddlewares.httpauth.HttpAuthMiddleware',
 'scrapy.downloadermiddlewares.downloadtimeout.DownloadTimeoutMiddleware',
 'scrapy.downloadermiddlewares.defaultheaders.DefaultHeadersMiddleware',
 'scrapy.downloadermiddlewares.useragent.UserAgentMiddleware',
 'scrapy.downloadermiddlewares.retry.RetryMiddleware',
 'scrapy.downloadermiddlewares.redirect.MetaRefreshMiddleware',
 'scrapy.downloadermiddlewares.httpcompression.HttpCompressionMiddleware',
 'scrapy.downloadermiddlewares.redirect.RedirectMiddleware',
 'scrapy.downloadermiddlewares.cookies.CookiesMiddleware',
 'scrapy.downloadermiddlewares.httpproxy.HttpProxyMiddleware',
 'scrapy.downloadermiddlewares.stats.DownloaderStats']
2021-09-17 14:53:29 [scrapy.middleware] INFO: Enabled spider middlewares:
['scrapy.spidermiddlewares.httperror.HttpErrorMiddleware',
 'scrapy.spidermiddlewares.offsite.OffsiteMiddleware',
 'scrapy.spidermiddlewares.referer.RefererMiddleware',
 'scrapy.spidermiddlewares.urllength.UrlLengthMiddleware',
 'scrapy.spidermiddlewares.depth.DepthMiddleware']
2021-09-17 14:53:29 [scrapy.middleware] INFO: Enabled item pipelines:
[]
2021-09-17 14:53:29 [scrapy.core.engine] INFO: Spider opened
2021-09-17 14:53:29 [scrapy.extensions.logstats] INFO: Crawled 0 pages (at 0 pages/min), scraped 0 items (at 0 items/min)
2021-09-17 14:53:29 [py.warnings] WARNING: g:\program box\python39\lib\site-packages\scrapy\spidermiddlewares\offsite.py:65: URLWarning: allowed_domains accepts only domains, not URLs. Ignoring URL entry https://fanyi.baidu.com/sug in allowed_domains.
  warnings.warn(message, URLWarning)

2021-09-17 14:53:29 [scrapy.extensions.telnet] INFO: Telnet console listening on 127.0.0.1:6023
2021-09-17 14:53:32 [scrapy.downloadermiddlewares.retry] DEBUG: Retrying <GET http://https/robots.txt> (failed 1 times): DNS lookup failed: no results for hostname lookup: https.
2021-09-17 14:53:34 [scrapy.downloadermiddlewares.retry] DEBUG: Retrying <GET http://https/robots.txt> (failed 2 times): DNS lookup failed: no results for hostname lookup: https.
2021-09-17 14:53:36 [scrapy.downloadermiddlewares.retry] ERROR: Gave up retrying <GET http://https/robots.txt> (failed 3 times): DNS lookup failed: no results for hostname lookup: https.
2021-09-17 14:53:36 [scrapy.downloadermiddlewares.robotstxt] ERROR: Error downloading <GET http://https/robots.txt>: DNS lookup failed: no results for hostname lookup: https.
Traceback (most recent call last):
  File "g:\program box\python39\lib\site-packages\twisted\internet\defer.py", line 1657, in _inlineCallbacks
    result = current_context.run(
  File "g:\program box\python39\lib\site-packages\twisted\python\failure.py", line 500, in throwExceptionIntoGenerator
    return g.throw(self.type, self.value, self.tb)
  File "g:\program box\python39\lib\site-packages\scrapy\core\downloader\middleware.py", line 44, in process_request
    return (yield download_func(request=request, spider=spider))
  File "g:\program box\python39\lib\site-packages\twisted\internet\defer.py", line 858, in _runCallbacks
    current.result = callback(  # type: ignore[misc]
  File "g:\program box\python39\lib\site-packages\twisted\internet\endpoints.py", line 1022, in startConnectionAttempts
    raise error.DNSLookupError(
twisted.internet.error.DNSLookupError: DNS lookup failed: no results for hostname lookup: https.
2021-09-17 14:53:39 [scrapy.downloadermiddlewares.retry] DEBUG: Retrying <GET http://https//fanyi.baidu.com/sug/> (failed 1 times): DNS lookup failed: no results for hostname lookup: https.
2021-09-17 14:53:41 [scrapy.downloadermiddlewares.retry] DEBUG: Retrying <GET http://https//fanyi.baidu.com/sug/> (failed 2 times): DNS lookup failed: no results for hostname lookup: https.
2021-09-17 14:53:43 [scrapy.downloadermiddlewares.retry] ERROR: Gave up retrying <GET http://https//fanyi.baidu.com/sug/> (failed 3 times): DNS lookup failed: no results for hostname lookup: https.
2021-09-17 14:53:43 [scrapy.core.scraper] ERROR: Error downloading <GET http://https//fanyi.baidu.com/sug/>
Traceback (most recent call last):
  File "g:\program box\python39\lib\site-packages\twisted\internet\defer.py", line 1657, in _inlineCallbacks
    result = current_context.run(
  File "g:\program box\python39\lib\site-packages\twisted\python\failure.py", line 500, in throwExceptionIntoGenerator
    return g.throw(self.type, self.value, self.tb)
  File "g:\program box\python39\lib\site-packages\scrapy\core\downloader\middleware.py", line 44, in process_request
    return (yield download_func(request=request, spider=spider))
  File "g:\program box\python39\lib\site-packages\twisted\internet\defer.py", line 858, in _runCallbacks
    current.result = callback(  # type: ignore[misc]
  File "g:\program box\python39\lib\site-packages\twisted\internet\endpoints.py", line 1022, in startConnectionAttempts
    raise error.DNSLookupError(
twisted.internet.error.DNSLookupError: DNS lookup failed: no results for hostname lookup: https.
2021-09-17 14:53:43 [scrapy.core.engine] INFO: Closing spider (finished)
2021-09-17 14:53:43 [scrapy.statscollectors] INFO: Dumping Scrapy stats:
{'downloader/exception_count': 6,
 'downloader/exception_type_count/twisted.internet.error.DNSLookupError': 6,
 'downloader/request_bytes': 1323,
 'downloader/request_count': 6,
 'downloader/request_method_count/GET': 6,
 'elapsed_time_seconds': 14.028968,
 'finish_reason': 'finished',
 'finish_time': datetime.datetime(2021, 9, 17, 6, 53, 43, 987741),
 'log_count/DEBUG': 4,
 'log_count/ERROR': 4,
 'log_count/INFO': 10,
 'log_count/WARNING': 1,
 'retry/count': 4,
 'retry/max_reached': 2,
 'retry/reason_count/twisted.internet.error.DNSLookupError': 4,
 "robotstxt/exception_count/<class 'twisted.internet.error.DNSLookupError'>": 1,
 'robotstxt/request_count': 1,
 'scheduler/dequeued': 3,
 'scheduler/dequeued/memory': 3,
 'scheduler/enqueued': 3,
 'scheduler/enqueued/memory': 3,
 'start_time': datetime.datetime(2021, 9, 17, 6, 53, 29, 958773)}
2021-09-17 14:53:43 [scrapy.core.engine] INFO: Spider closed (finished)
2021-09-17 14:54:00 [scrapy.utils.log] INFO: Scrapy 2.5.0 started (bot: scrapy_post_044)
2021-09-17 14:54:00 [scrapy.utils.log] INFO: Versions: lxml 4.6.1.0, libxml2 2.9.5, cssselect 1.1.0, parsel 1.6.0, w3lib 1.22.0, Twisted 21.7.0, Python 3.9.0 (tags/v3.9.0:9cf6752, Oct  5 2020, 15:34:40) [MSC v.1927 64 bit (AMD64)], pyOpenSSL 20.0.1 (OpenSSL 1.1.1l  24 Aug 2021), cryptography 3.4.8, Platform Windows-10-10.0.19041-SP0
2021-09-17 14:54:00 [scrapy.utils.log] DEBUG: Using reactor: twisted.internet.selectreactor.SelectReactor
2021-09-17 14:54:00 [scrapy.crawler] INFO: Overridden settings:
{'BOT_NAME': 'scrapy_post_044',
 'LOG_FILE': 'logdemo.log',
 'NEWSPIDER_MODULE': 'scrapy_post_044.spiders',
 'ROBOTSTXT_OBEY': True,
 'SPIDER_MODULES': ['scrapy_post_044.spiders']}
2021-09-17 14:54:00 [scrapy.extensions.telnet] INFO: Telnet Password: 8a49c8cd3b5500f8
2021-09-17 14:54:00 [scrapy.middleware] INFO: Enabled extensions:
['scrapy.extensions.corestats.CoreStats',
 'scrapy.extensions.telnet.TelnetConsole',
 'scrapy.extensions.logstats.LogStats']
2021-09-17 14:54:00 [scrapy.middleware] INFO: Enabled downloader middlewares:
['scrapy.downloadermiddlewares.robotstxt.RobotsTxtMiddleware',
 'scrapy.downloadermiddlewares.httpauth.HttpAuthMiddleware',
 'scrapy.downloadermiddlewares.downloadtimeout.DownloadTimeoutMiddleware',
 'scrapy.downloadermiddlewares.defaultheaders.DefaultHeadersMiddleware',
 'scrapy.downloadermiddlewares.useragent.UserAgentMiddleware',
 'scrapy.downloadermiddlewares.retry.RetryMiddleware',
 'scrapy.downloadermiddlewares.redirect.MetaRefreshMiddleware',
 'scrapy.downloadermiddlewares.httpcompression.HttpCompressionMiddleware',
 'scrapy.downloadermiddlewares.redirect.RedirectMiddleware',
 'scrapy.downloadermiddlewares.cookies.CookiesMiddleware',
 'scrapy.downloadermiddlewares.httpproxy.HttpProxyMiddleware',
 'scrapy.downloadermiddlewares.stats.DownloaderStats']
2021-09-17 14:54:00 [scrapy.middleware] INFO: Enabled spider middlewares:
['scrapy.spidermiddlewares.httperror.HttpErrorMiddleware',
 'scrapy.spidermiddlewares.offsite.OffsiteMiddleware',
 'scrapy.spidermiddlewares.referer.RefererMiddleware',
 'scrapy.spidermiddlewares.urllength.UrlLengthMiddleware',
 'scrapy.spidermiddlewares.depth.DepthMiddleware']
2021-09-17 14:54:00 [scrapy.middleware] INFO: Enabled item pipelines:
[]
2021-09-17 14:54:00 [scrapy.core.engine] INFO: Spider opened
2021-09-17 14:54:00 [scrapy.extensions.logstats] INFO: Crawled 0 pages (at 0 pages/min), scraped 0 items (at 0 items/min)
2021-09-17 14:54:00 [py.warnings] WARNING: g:\program box\python39\lib\site-packages\scrapy\spidermiddlewares\offsite.py:65: URLWarning: allowed_domains accepts only domains, not URLs. Ignoring URL entry https://fanyi.baidu.com/sug in allowed_domains.
  warnings.warn(message, URLWarning)

2021-09-17 14:54:00 [scrapy.extensions.telnet] INFO: Telnet console listening on 127.0.0.1:6023
2021-09-17 14:54:01 [scrapy.core.engine] DEBUG: Crawled (200) <GET https://fanyi.baidu.com/robots.txt> (referer: None)
2021-09-17 14:54:01 [scrapy.core.engine] DEBUG: Crawled (200) <POST https://fanyi.baidu.com/sug> (referer: None)
2021-09-17 14:54:01 [scrapy.core.engine] INFO: Closing spider (finished)
2021-09-17 14:54:01 [scrapy.statscollectors] INFO: Dumping Scrapy stats:
{'downloader/request_bytes': 556,
 'downloader/request_count': 2,
 'downloader/request_method_count/GET': 1,
 'downloader/request_method_count/POST': 1,
 'downloader/response_bytes': 1045,
 'downloader/response_count': 2,
 'downloader/response_status_count/200': 2,
 'elapsed_time_seconds': 0.375833,
 'finish_reason': 'finished',
 'finish_time': datetime.datetime(2021, 9, 17, 6, 54, 1, 188271),
 'httpcompression/response_bytes': 667,
 'httpcompression/response_count': 2,
 'log_count/DEBUG': 2,
 'log_count/INFO': 10,
 'log_count/WARNING': 1,
 'response_received_count': 2,
 'robotstxt/request_count': 1,
 'robotstxt/response_count': 1,
 'robotstxt/response_status_count/200': 1,
 'scheduler/dequeued': 1,
 'scheduler/dequeued/memory': 1,
 'scheduler/enqueued': 1,
 'scheduler/enqueued/memory': 1,
 'start_time': datetime.datetime(2021, 9, 17, 6, 54, 0, 812438)}
2021-09-17 14:54:01 [scrapy.core.engine] INFO: Spider closed (finished)
2021-09-17 14:54:49 [scrapy.utils.log] INFO: Scrapy 2.5.0 started (bot: scrapy_post_044)
2021-09-17 14:54:49 [scrapy.utils.log] INFO: Versions: lxml 4.6.1.0, libxml2 2.9.5, cssselect 1.1.0, parsel 1.6.0, w3lib 1.22.0, Twisted 21.7.0, Python 3.9.0 (tags/v3.9.0:9cf6752, Oct  5 2020, 15:34:40) [MSC v.1927 64 bit (AMD64)], pyOpenSSL 20.0.1 (OpenSSL 1.1.1l  24 Aug 2021), cryptography 3.4.8, Platform Windows-10-10.0.19041-SP0
2021-09-17 14:54:49 [scrapy.utils.log] DEBUG: Using reactor: twisted.internet.selectreactor.SelectReactor
2021-09-17 14:54:49 [scrapy.crawler] INFO: Overridden settings:
{'BOT_NAME': 'scrapy_post_044',
 'LOG_FILE': 'logdemo.log',
 'NEWSPIDER_MODULE': 'scrapy_post_044.spiders',
 'ROBOTSTXT_OBEY': True,
 'SPIDER_MODULES': ['scrapy_post_044.spiders']}
2021-09-17 14:54:50 [scrapy.extensions.telnet] INFO: Telnet Password: 709da0cb05895de5
2021-09-17 14:54:50 [scrapy.middleware] INFO: Enabled extensions:
['scrapy.extensions.corestats.CoreStats',
 'scrapy.extensions.telnet.TelnetConsole',
 'scrapy.extensions.logstats.LogStats']
2021-09-17 14:54:50 [scrapy.middleware] INFO: Enabled downloader middlewares:
['scrapy.downloadermiddlewares.robotstxt.RobotsTxtMiddleware',
 'scrapy.downloadermiddlewares.httpauth.HttpAuthMiddleware',
 'scrapy.downloadermiddlewares.downloadtimeout.DownloadTimeoutMiddleware',
 'scrapy.downloadermiddlewares.defaultheaders.DefaultHeadersMiddleware',
 'scrapy.downloadermiddlewares.useragent.UserAgentMiddleware',
 'scrapy.downloadermiddlewares.retry.RetryMiddleware',
 'scrapy.downloadermiddlewares.redirect.MetaRefreshMiddleware',
 'scrapy.downloadermiddlewares.httpcompression.HttpCompressionMiddleware',
 'scrapy.downloadermiddlewares.redirect.RedirectMiddleware',
 'scrapy.downloadermiddlewares.cookies.CookiesMiddleware',
 'scrapy.downloadermiddlewares.httpproxy.HttpProxyMiddleware',
 'scrapy.downloadermiddlewares.stats.DownloaderStats']
2021-09-17 14:54:50 [scrapy.middleware] INFO: Enabled spider middlewares:
['scrapy.spidermiddlewares.httperror.HttpErrorMiddleware',
 'scrapy.spidermiddlewares.offsite.OffsiteMiddleware',
 'scrapy.spidermiddlewares.referer.RefererMiddleware',
 'scrapy.spidermiddlewares.urllength.UrlLengthMiddleware',
 'scrapy.spidermiddlewares.depth.DepthMiddleware']
2021-09-17 14:54:50 [scrapy.middleware] INFO: Enabled item pipelines:
[]
2021-09-17 14:54:50 [scrapy.core.engine] INFO: Spider opened
2021-09-17 14:54:50 [scrapy.extensions.logstats] INFO: Crawled 0 pages (at 0 pages/min), scraped 0 items (at 0 items/min)
2021-09-17 14:54:50 [py.warnings] WARNING: g:\program box\python39\lib\site-packages\scrapy\spidermiddlewares\offsite.py:65: URLWarning: allowed_domains accepts only domains, not URLs. Ignoring URL entry https://fanyi.baidu.com/sug in allowed_domains.
  warnings.warn(message, URLWarning)

2021-09-17 14:54:50 [scrapy.extensions.telnet] INFO: Telnet console listening on 127.0.0.1:6023
2021-09-17 14:54:50 [scrapy.core.engine] DEBUG: Crawled (200) <GET https://fanyi.baidu.com/robots.txt> (referer: None)
2021-09-17 14:54:50 [scrapy.core.engine] DEBUG: Crawled (200) <POST https://fanyi.baidu.com/sug> (referer: None)
2021-09-17 14:54:50 [scrapy.core.engine] INFO: Closing spider (finished)
2021-09-17 14:54:50 [scrapy.statscollectors] INFO: Dumping Scrapy stats:
{'downloader/request_bytes': 556,
 'downloader/request_count': 2,
 'downloader/request_method_count/GET': 1,
 'downloader/request_method_count/POST': 1,
 'downloader/response_bytes': 1045,
 'downloader/response_count': 2,
 'downloader/response_status_count/200': 2,
 'elapsed_time_seconds': 0.323571,
 'finish_reason': 'finished',
 'finish_time': datetime.datetime(2021, 9, 17, 6, 54, 50, 689531),
 'httpcompression/response_bytes': 667,
 'httpcompression/response_count': 2,
 'log_count/DEBUG': 2,
 'log_count/INFO': 10,
 'log_count/WARNING': 1,
 'response_received_count': 2,
 'robotstxt/request_count': 1,
 'robotstxt/response_count': 1,
 'robotstxt/response_status_count/200': 1,
 'scheduler/dequeued': 1,
 'scheduler/dequeued/memory': 1,
 'scheduler/enqueued': 1,
 'scheduler/enqueued/memory': 1,
 'start_time': datetime.datetime(2021, 9, 17, 6, 54, 50, 365960)}
2021-09-17 14:54:50 [scrapy.core.engine] INFO: Spider closed (finished)
